{
  "themes": [
    {
      "id": "0",
      "name": "Light",
      "gui_ex": "212121",
      "gui": "212121",
      "bg": "E4F6F6",
      "players": [ "E57373", "64B5F6", "81C784", "FFB74D" ],
      "objs": [ "E57373", "64B5F6", "81C784", "FFB74D", "EF851E", "D6C310", "212121", "FFFFFF", "000000", "103BA3", "FE2CF1", "827BFE", "E91E63", "E91E63", "D81B60", "C2185B", "AD1457", "E4F6F6" ],
      "bgs": [ "E4F6F6", "272929", "494E4E", "717777", "8E9595", "E57373", "64B5F6", "81C784", "FFB74D" ],
      "fx": [ "E57373", "64B5F6", "81C784", "FFB74D", "EF851E", "D6C310", "212121", "FFFFFF", "000000", "103BA3", "FE2CF1", "827BFE", "E91E63", "E91E63", "D81B60", "C2185B", "AD1457", "E4F6F6" ]
    },
    {
      "id": "1",
      "name": "Dark",
      "gui_ex": "504040",
      "gui": "504040",
      "bg": "111111",
      "players": [ "E57373", "64B5F6", "81C784", "FFB74D" ],
      "objs": [ "E57373", "64B5F6", "81C784", "FFB74D", "EF851E", "D6C310", "FEFEFE", "000000", "FFFFFF", "103BA3", "FE2CF1", "827BFE", "FF0000", "00FF00", "0000FF", "E91E63", "E91E63", "111111" ],
      "bgs": [ "111111", "E9E0E0", "BBB2B2", "7C7878", "3D3D3D", "E57373", "64B5F6", "81C784", "FFB74D" ],
      "fx": [ "E57373", "64B5F6", "81C784", "FFB74D", "EF851E", "D6C310", "504040", "FFFFFF", "000000", "103BA3", "FE2CF1", "827BFE", "FF0000", "00FF00", "0000FF", "E91E63", "E91E63", "111111" ]
    }
  ]
}