{
   "themes" : [
      {
         "id" : "0",
         "name" : "PA Machine",
         "gui_ex" : "212121",
         "gui" : "212121",
         "bg" : "94D8DB",
         "players" : [
            "E57373",
            "64B5F6",
            "81C784",
            "FFB74D"
         ],
         "objs" : [
            "C0ACE1",
            "F17BB8",
            "2F426D",
            "1B1B1C",
            "EFEBEF",
            "EFEBEF",
            "EFEBEF",
            "EFEBEF",
            "EFEBEF",
            "EFEBEF",
            "EFEBEF",
            "EFEBEF",
            "212121",
            "E57373",
            "64B5F6",
            "81C784",
            "FFB74D",
            "94D8DB"
         ],
         "bgs" : [
            "94D8DB",
            "D8FFE0",
            "E0FFD5",
            "F1FFC4",
            "FEFEC0",
            "F2C7B7",
            "F2C7B7",
            "F2C7B7",
            "F2C7B7"
         ],
         "fx" : [
            "C0ACE1",
            "F17BB8",
            "2F426D",
            "1B1B1C",
            "EFEBEF",
            "EFEBEF",
            "EFEBEF",
            "EFEBEF",
            "EFEBEF",
            "EFEBEF",
            "EFEBEF",
            "EFEBEF",
            "EFEBEF",
            "EFEBEF",
            "EFEBEF",
            "EFEBEF",
            "EFEBEF",
            "EFEBEF"
         ]
      },
      {
         "id" : "1",
         "name" : "PA Anarchy",
         "gui_ex" : "212121",
         "gui" : "212121",
         "bg" : "FFFFFF",
         "players" : [
            "E57373",
            "64B5F6",
            "81C784",
            "FFB74D"
         ],
         "objs" : [
            "FFE7E7",
            "C0ACE1",
            "F17BB8",
            "2F426D",
            "4076DF",
            "6CCBCF",
            "1B1B1C",
            "EFEBEF",
            "EFEBEF",
            "EFEBEF",
            "EFEBEF",
            "EFEBEF",
            "212121",
            "E57373",
            "64B5F6",
            "81C784",
            "FFB74D",
            "94D8DB"
         ],
         "bgs" : [
            "FFFFFF",
            "C8C8C8",
            "969696",
            "646464",
            "323232",
            "1E1E1E",
            "1E1E1E",
            "1E1E1E",
            "1E1E1E"
         ],
         "fx" : [
            "FFE7E7",
            "C0ACE1",
            "F17BB8",
            "2F426D",
            "4076DF",
            "6CCBCF",
            "1B1B1C",
            "EFEBEF",
            "EFEBEF",
            "EFEBEF",
            "EFEBEF",
            "EFEBEF",
            "EFEBEF",
            "EFEBEF",
            "EFEBEF",
            "EFEBEF",
            "EFEBEF",
            "EFEBEF"
         ]
      },
      {
         "id" : "2",
         "name" : "PA Day Night",
         "gui_ex" : "212121",
         "gui" : "212121",
         "bg" : "FFFFFF",
         "players" : [
            "F44336",
            "2196F3",
            "4CAF50",
            "FF9800"
         ],
         "objs" : [
            "142138",
            "3E5376",
            "A5DCE9",
            "EF8E46",
            "FFCD86",
            "FFF5D5",
            "FFF5D5",
            "FFF5D5",
            "FFF5D5",
            "FFF5D5",
            "FFF5D5",
            "FFF5D5",
            "212121",
            "E57373",
            "64B5F6",
            "81C784",
            "FFB74D",
            "94D8DB"
         ],
         "bgs" : [
            "1E1E1E",
            "3C3C3C",
            "5A5A5A",
            "787878",
            "969696",
            "B4B4B4",
            "B4B4B4",
            "B4B4B4",
            "B4B4B4"
         ],
         "fx" : [
            "142138",
            "3E5376",
            "A5DCE9",
            "EF8E46",
            "FFCD86",
            "FFF5D5",
            "FFF5D5",
            "FFF5D5",
            "FFF5D5",
            "FFF5D5",
            "FFF5D5",
            "FFF5D5",
            "FFF5D5",
            "FFF5D5",
            "FFF5D5",
            "FFF5D5",
            "FFF5D5",
            "FFF5D5"
         ]
      },
      {
         "id" : "3",
         "name" : "PA Donuts",
         "gui_ex" : "212121",
         "gui" : "212121",
         "bg" : "FFFFFF",
         "players" : [
            "F44336",
            "2196F3",
            "4CAF50",
            "FF9800"
         ],
         "objs" : [
            "FF86A3",
            "FF6386",
            "FFDF91",
            "FFBF7A",
            "8CEEFF",
            "20DAF5",
            "EC9D75",
            "CE6852",
            "1B1B1C",
            "1B1B1C",
            "1B1B1C",
            "1B1B1C",
            "212121",
            "E57373",
            "64B5F6",
            "81C784",
            "FFB74D",
            "94D8DB"
         ],
         "bgs" : [
            "FFFFFF",
            "AFAFAF",
            "646464",
            "393939",
            "393939",
            "393939",
            "393939",
            "393939",
            "393939"
         ],
         "fx" : [
            "FF86A3",
            "FF6386",
            "FFDF91",
            "FFBF7A",
            "8CEEFF",
            "20DAF5",
            "EC9D75",
            "CE6852",
            "1B1B1C",
            "1B1B1C",
            "1B1B1C",
            "1B1B1C",
            "1B1B1C",
            "1B1B1C",
            "1B1B1C",
            "1B1B1C",
            "1B1B1C",
            "1B1B1C"
         ]
      },
      {
         "id" : "4",
         "name" : "PA Classic",
         "gui_ex" : "212121",
         "gui" : "212121",
         "bg" : "FFFFFF",
         "players" : [
            "F44336",
            "2196F3",
            "4CAF50",
            "FF9800"
         ],
         "objs" : [
            "346188",
            "517A9E",
            "FF6A86",
            "C2415F",
            "1B1B1C",
            "EFEBEF",
            "EFEBEF",
            "EFEBEF",
            "EFEBEF",
            "EFEBEF",
            "EFEBEF",
            "EFEBEF",
            "212121",
            "E57373",
            "64B5F6",
            "81C784",
            "FFB74D",
            "94D8DB"
         ],
         "bgs" : [
            "FFF2E8",
            "FFE8D7",
            "FFDDC3",
            "FFD2AF",
            "FFC69B",
            "646464",
            "646464",
            "646464",
            "646464"
         ],
         "fx" : [
            "346188",
            "517A9E",
            "FF6A86",
            "C2415F",
            "1B1B1C",
            "EFEBEF",
            "EFEBEF",
            "EFEBEF",
            "EFEBEF",
            "EFEBEF",
            "EFEBEF",
            "EFEBEF",
            "EFEBEF",
            "EFEBEF",
            "EFEBEF",
            "EFEBEF",
            "EFEBEF",
            "EFEBEF"
         ]
      },
      {
         "id" : "5",
         "name" : "PA New",
         "gui_ex" : "212121",
         "gui" : "212121",
         "bg" : "FFFFFF",
         "players" : [
            "F44336",
            "2196F3",
            "4CAF50",
            "FF9800"
         ],
         "objs" : [
            "1395BA",
            "0D3C55",
            "C02E1D",
            "F16C20",
            "EBC844",
            "A2B86C",
            "1B1B1C",
            "EFEBEF",
            "EFEBEF",
            "EFEBEF",
            "EFEBEF",
            "EFEBEF",
            "212121",
            "E57373",
            "64B5F6",
            "81C784",
            "FFB74D",
            "94D8DB"
         ],
         "bgs" : [
            "C8C8C8",
            "969696",
            "646464",
            "323232",
            "1E1E1E",
            "1E1E1E",
            "1E1E1E",
            "1E1E1E",
            "1E1E1E"
         ],
         "fx" : [
            "1395BA",
            "0D3C55",
            "C02E1D",
            "F16C20",
            "EBC844",
            "A2B86C",
            "1B1B1C",
            "EFEBEF",
            "EFEBEF",
            "EFEBEF",
            "EFEBEF",
            "EFEBEF",
            "EFEBEF",
            "EFEBEF",
            "EFEBEF",
            "EFEBEF",
            "EFEBEF",
            "EFEBEF"
         ]
      },
      {
         "id" : "6",
         "name" : "PA Dark",
         "gui_ex" : "EFEBEF",
         "gui" : "EFEBEF",
         "bg" : "030436",
         "players" : [
            "F44336",
            "2196F3",
            "4CAF50",
            "FF9800"
         ],
         "objs" : [
            "20E4ED",
            "71DF4F",
            "F55A75",
            "FEFEFE",
            "1B1B1C",
            "1B1B1C",
            "1B1B1C",
            "1B1B1C",
            "1B1B1C",
            "1B1B1C",
            "1B1B1C",
            "1B1B1C",
            "212121",
            "E57373",
            "64B5F6",
            "81C784",
            "FFB74D",
            "94D8DB"
         ],
         "bgs" : [
            "030436",
            "FFFFFF",
            "C8C8C8",
            "C8C8C8",
            "C8C8C8",
            "C8C8C8",
            "C8C8C8",
            "C8C8C8",
            "C8C8C8"
         ],
         "fx" : [
            "20E4ED",
            "71DF4F",
            "F55A75",
            "FEFEFE",
            "1B1B1C",
            "1B1B1C",
            "1B1B1C",
            "1B1B1C",
            "1B1B1C",
            "1B1B1C",
            "1B1B1C",
            "1B1B1C",
            "1B1B1C",
            "1B1B1C",
            "1B1B1C",
            "1B1B1C",
            "1B1B1C",
            "1B1B1C"
         ]
      },
      {
         "id" : "7",
         "name" : "PA White On Black",
         "gui_ex" : "EFEBEF",
         "gui" : "EFEBEF",
         "bg" : "111111",
         "players" : [
            "F44336",
            "2196F3",
            "4CAF50",
            "FF9800"
         ],
         "objs" : [
            "FAFAFA",
            "FFFFFF",
            "FFFFFF",
            "FFFFFF",
            "FFFFFF",
            "FFFFFF",
            "FFFFFF",
            "FFFFFF",
            "FFFFFF",
            "FFFFFF",
            "FFFFFF",
            "FFFFFF",
            "212121",
            "E57373",
            "64B5F6",
            "81C784",
            "FFB74D",
            "94D8DB"
         ],
         "bgs" : [
            "222222",
            "333333",
            "444444",
            "444444",
            "444444",
            "444444",
            "444444",
            "444444",
            "444444"
         ],
         "fx" : [
            "FAFAFA",
            "FFFFFF",
            "FFFFFF",
            "FFFFFF",
            "FFFFFF",
            "FFFFFF",
            "FFFFFF",
            "FFFFFF",
            "FFFFFF",
            "FFFFFF",
            "FFFFFF",
            "FFFFFF",
            "FFFFFF",
            "FFFFFF",
            "FFFFFF",
            "FFFFFF",
            "FFFFFF",
            "FFFFFF"
         ]
      },
      {
         "id" : "8",
         "name" : "PA Black On White",
         "gui_ex" : "212121",
         "gui" : "212121",
         "bg" : "FAFAFA",
         "players" : [
            "F44336",
            "2196F3",
            "4CAF50",
            "FF9800"
         ],
         "objs" : [
            "222222",
            "333333",
            "444444",
            "444444",
            "444444",
            "444444",
            "444444",
            "444444",
            "444444",
            "444444",
            "444444",
            "444444",
            "212121",
            "E57373",
            "64B5F6",
            "81C784",
            "FFB74D",
            "94D8DB"
         ],
         "bgs" : [
            "FFFFFF",
            "E5E5E5",
            "CCCCCC",
            "CCCCCC",
            "CCCCCC",
            "CCCCCC",
            "CCCCCC",
            "CCCCCC",
            "CCCCCC"
         ],
         "fx" : [
            "222222",
            "333333",
            "444444",
            "444444",
            "444444",
            "444444",
            "444444",
            "444444",
            "444444",
            "444444",
            "444444",
            "444444",
            "444444",
            "444444",
            "444444",
            "444444",
            "444444",
            "444444"
         ]
      },
      {
         "id" : "9",
         "name" : "PA Example Theme",
         "gui_ex" : "504040",
         "gui" : "504040",
         "bg" : "212121",
         "players" : [
            "E57373",
            "64B5F6",
            "81C784",
            "FFB74D"
         ],
         "objs" : [
            "3F59FC",
            "3AD4F5",
            "E91E63",
            "E91E63",
            "E91E63",
            "E91E63",
            "E91E63",
            "FFFFFF",
            "000000",
            "000000",
            "000000",
            "000000",
            "212121",
            "E57373",
            "64B5F6",
            "81C784",
            "FFB74D",
            "94D8DB"
         ],
         "bgs" : [
            "212121",
            "E91E63",
            "E91E63",
            "E91E63",
            "E91E63",
            "E91E63",
            "E91E63",
            "E91E63",
            "E91E63"
         ],
         "fx" : [
            "3F59FC",
            "3AD4F5",
            "E91E63",
            "E91E63",
            "E91E63",
            "E91E63",
            "E91E63",
            "FFFFFF",
            "000000",
            "000000",
            "000000",
            "000000",
            "000000",
            "000000",
            "000000",
            "000000",
            "000000",
            "000000"
         ]
      }
   ]
}